<?xml version="1.0" encoding="utf-8"?><testsuites name="pytest tests"><testsuite name="pytest" errors="0" failures="0" skipped="0" tests="5" time="4.332" timestamp="2026-05-05T22:18:37.340898+00:00" hostname="agent-env-7c99ad11-441e-42ba-b07e-eca0484814c4"><testcase classname="backend.tests.test_iter5_drag_link_session.TestDragFromSidebarFlow" name="test_post_session_then_link_session" time="1.882" /><testcase classname="backend.tests.test_iter5_drag_link_session.TestDragFromSidebarFlow" name="test_link_session_404_unknown_fiche" time="0.120" /><testcase classname="backend.tests.test_iter5_drag_link_session.TestDragFromSidebarFlow" name="test_link_session_404_unknown_activite" time="0.386" /><testcase classname="backend.tests.test_iter5_drag_link_session.TestDragFromSidebarFlow" name="test_link_session_requires_admin" time="0.486" /><testcase classname="backend.tests.test_iter5_drag_link_session.TestDragFromSidebarFlow" name="test_unlink_session_reverses_link" time="1.401" /></testsuite></testsuites>