<?xml version="1.0" encoding="utf-8"?><testsuites name="pytest tests"><testsuite name="pytest" errors="0" failures="0" skipped="0" tests="12" time="5.023" timestamp="2026-05-22T06:30:37.379681+00:00" hostname="agent-env-7c99ad11-441e-42ba-b07e-eca0484814c4"><testcase classname="backend.tests.test_iter8_group_promotion" name="test_create_generic_group" time="0.676" /><testcase classname="backend.tests.test_iter8_group_promotion" name="test_create_group_with_empty_promotion" time="0.096" /><testcase classname="backend.tests.test_iter8_group_promotion" name="test_create_group_with_promotion" time="0.207" /><testcase classname="backend.tests.test_iter8_group_promotion" name="test_update_group_set_promotion" time="0.206" /><testcase classname="backend.tests.test_iter8_group_promotion" name="test_update_group_clear_promotion" time="0.199" /><testcase classname="backend.tests.test_iter8_group_promotion" name="test_iter7_session_group_ids_regression" time="0.103" /><testcase classname="backend.tests.test_iter6_recap_ue_and_import.TestActivitySchemaIter6" name="test_persist_nb_formateurs_and_group_ids" time="1.500" /><testcase classname="backend.tests.test_iter6_recap_ue_and_import.TestRecapUEFormula" name="test_recap_ue_three_cases" time="0.373" /><testcase classname="backend.tests.test_iter6_recap_ue_and_import.TestRecapUEFormula" name="test_recap_ue_group_ids_overrides_taille" time="0.321" /><testcase classname="backend.tests.test_iter6_recap_ue_and_import.TestRecapUEFormula" name="test_recap_ue_response_shape" time="0.113" /><testcase classname="backend.tests.test_iter6_recap_ue_and_import.TestImportSessionsEnriched" name="test_import_session_fills_semaine_nb_formateurs_groupids" time="0.558" /><testcase classname="backend.tests.test_iter6_recap_ue_and_import.TestImportSessionsEnriched" name="test_import_session_no_formateur_yields_null_nbform" time="0.600" /></testsuite></testsuites>