<?xml version="1.0" encoding="utf-8"?><testsuites name="pytest tests"><testsuite name="pytest" errors="0" failures="0" skipped="0" tests="6" time="1.442" timestamp="2026-05-15T08:57:08.682085+00:00" hostname="agent-env-7c99ad11-441e-42ba-b07e-eca0484814c4"><testcase classname="backend.tests.test_iter8_group_promotion" name="test_create_generic_group" time="0.620" /><testcase classname="backend.tests.test_iter8_group_promotion" name="test_create_group_with_empty_promotion" time="0.095" /><testcase classname="backend.tests.test_iter8_group_promotion" name="test_create_group_with_promotion" time="0.191" /><testcase classname="backend.tests.test_iter8_group_promotion" name="test_update_group_set_promotion" time="0.189" /><testcase classname="backend.tests.test_iter8_group_promotion" name="test_update_group_clear_promotion" time="0.184" /><testcase classname="backend.tests.test_iter8_group_promotion" name="test_iter7_session_group_ids_regression" time="0.096" /></testsuite></testsuites>