<?xml version="1.0" encoding="utf-8"?><testsuites name="pytest tests"><testsuite name="pytest" errors="0" failures="0" skipped="0" tests="5" time="6.972" timestamp="2026-05-05T21:58:26.669863+00:00" hostname="agent-env-7c99ad11-441e-42ba-b07e-eca0484814c4"><testcase classname="backend.tests.test_iter4_ux_batch.TestAlertsEnriched" name="test_alerts_returns_list_with_enriched_fields" time="0.546" /><testcase classname="backend.tests.test_iter4_ux_batch.TestAlertsEnriched" name="test_alerts_categories_distribution" time="0.934" /><testcase classname="backend.tests.test_iter4_ux_batch.TestDeprogrammerUnlink" name="test_deprogrammer_unlinks_activity" time="0.887" /><testcase classname="backend.tests.test_iter4_ux_batch.TestDeprogrammerUnlink" name="test_put_session_still_auto_links" time="1.030" /><testcase classname="backend.tests.test_iter4_ux_batch.TestDeprogrammerUnlink" name="test_delete_session_still_unlinks" time="3.504" /></testsuite></testsuites>