<?xml version="1.0" encoding="utf-8"?><testsuites name="pytest tests"><testsuite name="pytest" errors="0" failures="0" skipped="0" tests="6" time="3.405" timestamp="2026-05-15T08:24:46.229543+00:00" hostname="agent-env-7c99ad11-441e-42ba-b07e-eca0484814c4"><testcase classname="backend.tests.test_iter6_recap_ue_and_import.TestActivitySchemaIter6" name="test_persist_nb_formateurs_and_group_ids" time="1.398" /><testcase classname="backend.tests.test_iter6_recap_ue_and_import.TestRecapUEFormula" name="test_recap_ue_three_cases" time="0.319" /><testcase classname="backend.tests.test_iter6_recap_ue_and_import.TestRecapUEFormula" name="test_recap_ue_group_ids_overrides_taille" time="0.343" /><testcase classname="backend.tests.test_iter6_recap_ue_and_import.TestRecapUEFormula" name="test_recap_ue_response_shape" time="0.119" /><testcase classname="backend.tests.test_iter6_recap_ue_and_import.TestImportSessionsEnriched" name="test_import_session_fills_semaine_nb_formateurs_groupids" time="0.621" /><testcase classname="backend.tests.test_iter6_recap_ue_and_import.TestImportSessionsEnriched" name="test_import_session_no_formateur_yields_null_nbform" time="0.522" /></testsuite></testsuites>