<?xml version="1.0" encoding="utf-8"?><testsuites name="pytest tests"><testsuite name="pytest" errors="0" failures="0" skipped="0" tests="12" time="5.961" timestamp="2026-04-27T09:25:17.468191+00:00" hostname="agent-env-7c99ad11-441e-42ba-b07e-eca0484814c4"><testcase classname="backend.tests.test_new_features.TestHolidays" name="test_holidays_year_2026" time="0.258" /><testcase classname="backend.tests.test_new_features.TestHolidays" name="test_holidays_date_range" time="0.138" /><testcase classname="backend.tests.test_new_features.TestSessionsBulk" name="test_bulk_multi_day_with_holiday_exclusion" time="0.976" /><testcase classname="backend.tests.test_new_features.TestSessionsBulk" name="test_bulk_multi_day_without_exclusion" time="0.789" /><testcase classname="backend.tests.test_new_features.TestSessionsBulk" name="test_bulk_stage_mode_35h_cap" time="0.748" /><testcase classname="backend.tests.test_new_features.TestSessionsBulk" name="test_bulk_journee_entiere_defaults" time="0.401" /><testcase classname="backend.tests.test_new_features.TestSessionsBulk" name="test_bulk_invalid_dates" time="0.204" /><testcase classname="backend.tests.test_new_features.TestFichesProjet" name="test_create_list_update_delete_fiche" time="0.511" /><testcase classname="backend.tests.test_new_features.TestFichesProjet" name="test_a_programmer_and_link_unlink" time="0.756" /><testcase classname="backend.tests.test_new_features.TestRegression" name="test_login_returns_token" time="0.319" /><testcase classname="backend.tests.test_new_features.TestRegression" name="test_change_password_wrong_old" time="0.341" /><testcase classname="backend.tests.test_new_features.TestRegression" name="test_access_request_with_password" time="0.337" /></testsuite></testsuites>