<?xml version="1.0" encoding="utf-8"?><testsuites name="pytest tests"><testsuite name="pytest" errors="0" failures="0" skipped="0" tests="14" time="2.261" timestamp="2026-06-14T21:18:05.234227+00:00" hostname="agent-env-7c99ad11-441e-42ba-b07e-eca0484814c4"><testcase classname="backend.tests.test_iter20_nb_formateurs_requis.TestMigration" name="test_backfill_returns_count" time="0.525" /><testcase classname="backend.tests.test_iter20_nb_formateurs_requis.TestMigration" name="test_all_sessions_have_field" time="0.065" /><testcase classname="backend.tests.test_iter20_nb_formateurs_requis.TestCreateAutoDefault" name="test_auto_default[TPG]" time="0.324" /><testcase classname="backend.tests.test_iter20_nb_formateurs_requis.TestCreateAutoDefault" name="test_auto_default[TD]" time="0.133" /><testcase classname="backend.tests.test_iter20_nb_formateurs_requis.TestCreateAutoDefault" name="test_auto_default[TP]" time="0.095" /><testcase classname="backend.tests.test_iter20_nb_formateurs_requis.TestCreateAutoDefault" name="test_auto_default[CM]" time="0.100" /><testcase classname="backend.tests.test_iter20_nb_formateurs_requis.TestCreateAutoDefault" name="test_auto_default[CMo]" time="0.090" /><testcase classname="backend.tests.test_iter20_nb_formateurs_requis.TestCreateAutoDefault" name="test_auto_default[EVAL]" time="0.095" /><testcase classname="backend.tests.test_iter20_nb_formateurs_requis.TestCreateAutoDefault" name="test_explicit_value_not_overwritten" time="0.050" /><testcase classname="backend.tests.test_iter20_nb_formateurs_requis.TestCreateAutoDefault" name="test_put_updates_field" time="0.143" /><testcase classname="backend.tests.test_iter20_nb_formateurs_requis.TestWorkload" name="test_workload_new_fields" time="0.045" /><testcase classname="backend.tests.test_iter20_nb_formateurs_requis.TestWorkload" name="test_workload_consistency" time="0.046" /><testcase classname="backend.tests.test_iter20_nb_formateurs_requis.TestWorkload" name="test_workload_statut_tolerance" time="0.046" /><testcase classname="backend.tests.test_iter20_nb_formateurs_requis.TestAlertsSurcharge" name="test_alerts_structure" time="0.412" /></testsuite></testsuites>