<?xml version="1.0" encoding="utf-8"?><testsuites name="pytest tests"><testsuite name="pytest" errors="0" failures="5" skipped="0" tests="32" time="12.150" timestamp="2026-05-04T15:34:34.468018+00:00" hostname="agent-env-7c99ad11-441e-42ba-b07e-eca0484814c4"><testcase classname="backend.tests.backend_test.TestHealth" name="test_login_admin" time="0.366" /><testcase classname="backend.tests.backend_test.TestHealth" name="test_login_invalid" time="0.316" /><testcase classname="backend.tests.backend_test.TestAccessRequests" name="test_create_access_request_with_password" time="0.279" /><testcase classname="backend.tests.backend_test.TestAccessRequests" name="test_list_access_requests_admin" time="0.346" /><testcase classname="backend.tests.backend_test.TestAccessRequests" name="test_accept_access_request_creates_user" time="0.340" /><testcase classname="backend.tests.backend_test.TestChangePassword" name="test_change_password_then_login" time="1.380" /><testcase classname="backend.tests.backend_test.TestChangePassword" name="test_change_password_wrong_old" time="0.288" /><testcase classname="backend.tests.backend_test.TestChangePassword" name="test_change_password_too_short" time="0.055" /><testcase classname="backend.tests.backend_test.TestUserDelete" name="test_super_admin_cannot_delete_self" time="0.110"><failure message="assert 403 == 400&#10; +  where 403 = &lt;Response [403]&gt;.status_code">backend/tests/backend_test.py:162: in test_super_admin_cannot_delete_self
    assert r.status_code == 400
E   assert 403 == 400
E    +  where 403 = &lt;Response [403]&gt;.status_code</failure></testcase><testcase classname="backend.tests.backend_test.TestUserDelete" name="test_delete_test_user" time="0.062"><failure message="TypeError: string indices must be integers, not 'str'">backend/tests/backend_test.py:167: in test_delete_test_user
    target = next((u for u in users if u["email"] == TestAccessRequests.test_email), None)
             ^^^^^^^^^^^^^^^^^^^^^^^^^^^^^^^^^^^^^^^^^^^^^^^^^^^^^^^^^^^^^^^^^^^^^^^^^^^^^
backend/tests/backend_test.py:167: in &lt;genexpr&gt;
    target = next((u for u in users if u["email"] == TestAccessRequests.test_email), None)
                                       ^^^^^^^^^^
E   TypeError: string indices must be integers, not 'str'</failure></testcase><testcase classname="backend.tests.backend_test.TestUserDelete" name="test_delete_user_unauthorized" time="0.065"><failure message="assert 403 == 401&#10; +  where 403 = &lt;Response [403]&gt;.status_code">backend/tests/backend_test.py:182: in test_delete_user_unauthorized
    assert r.status_code == 401
E   assert 403 == 401
E    +  where 403 = &lt;Response [403]&gt;.status_code</failure></testcase><testcase classname="backend.tests.backend_test.TestUserDelete" name="test_cleanup_access_request" time="0.053" /><testcase classname="backend.tests.backend_test.TestRecap" name="test_recap_returns_all_chart_keys" time="0.060" /><testcase classname="backend.tests.backend_test.TestRecap" name="test_recap_with_filters" time="0.057" /><testcase classname="backend.tests.test_new_features.TestHolidays" name="test_holidays_year_2026" time="0.107" /><testcase classname="backend.tests.test_new_features.TestHolidays" name="test_holidays_date_range" time="0.165" /><testcase classname="backend.tests.test_new_features.TestSessionsBulk" name="test_bulk_multi_day_with_holiday_exclusion" time="1.031" /><testcase classname="backend.tests.test_new_features.TestSessionsBulk" name="test_bulk_multi_day_without_exclusion" time="0.809" /><testcase classname="backend.tests.test_new_features.TestSessionsBulk" name="test_bulk_stage_mode_35h_cap" time="0.272"><failure message="assert 10 == 5">backend/tests/test_new_features.py:123: in test_bulk_stage_mode_35h_cap
    assert data["total_sessions"] == 5
E   assert 10 == 5</failure></testcase><testcase classname="backend.tests.test_new_features.TestSessionsBulk" name="test_bulk_journee_entiere_defaults" time="0.230"><failure message="assert 4 == 2">backend/tests/test_new_features.py:139: in test_bulk_journee_entiere_defaults
    assert data["total_sessions"] == 2
E   assert 4 == 2</failure></testcase><testcase classname="backend.tests.test_new_features.TestSessionsBulk" name="test_bulk_invalid_dates" time="0.234" /><testcase classname="backend.tests.test_new_features.TestFichesProjet" name="test_create_list_update_delete_fiche" time="0.597" /><testcase classname="backend.tests.test_new_features.TestFichesProjet" name="test_a_programmer_and_link_unlink" time="0.808" /><testcase classname="backend.tests.test_new_features.TestRegression" name="test_login_returns_token" time="0.335" /><testcase classname="backend.tests.test_new_features.TestRegression" name="test_change_password_wrong_old" time="0.327" /><testcase classname="backend.tests.test_new_features.TestRegression" name="test_access_request_with_password" time="0.372" /><testcase classname="backend.tests.test_refactor_iter3.TestCreateFicheNewSchema" name="test_create_persists_new_fields" time="0.627" /><testcase classname="backend.tests.test_refactor_iter3.TestCreateFicheNewSchema" name="test_get_fiche_returns_new_fields" time="0.394" /><testcase classname="backend.tests.test_refactor_iter3.TestAProgrammerNewFields" name="test_a_programmer_includes_new_fields" time="0.402" /><testcase classname="backend.tests.test_refactor_iter3.TestAProgrammerNewFields" name="test_a_programmer_defaults_for_minimal_activity" time="0.359" /><testcase classname="backend.tests.test_refactor_iter3.TestLinkSessionFlow" name="test_link_session_removes_from_a_programmer" time="0.560" /><testcase classname="backend.tests.test_refactor_iter3.TestSessionDeleteRegression" name="test_create_then_delete_session" time="0.599" /></testsuite></testsuites>