<?xml version="1.0" encoding="utf-8"?><testsuites name="pytest tests"><testsuite name="pytest" errors="0" failures="0" skipped="0" tests="5" time="2.617" timestamp="2026-05-15T08:45:04.964653+00:00" hostname="agent-env-7c99ad11-441e-42ba-b07e-eca0484814c4"><testcase classname="backend.tests.test_iter7_session_group_ids.TestSessionGroupIdsCRUD" name="test_create_with_group_ids_persists" time="1.260" /><testcase classname="backend.tests.test_iter7_session_group_ids.TestSessionGroupIdsCRUD" name="test_create_with_legacy_group_id_only" time="0.318" /><testcase classname="backend.tests.test_iter7_session_group_ids.TestSessionGroupIdsCRUD" name="test_create_without_groups_promo_entiere" time="0.230" /><testcase classname="backend.tests.test_iter7_session_group_ids.TestSessionGroupIdsCRUD" name="test_update_session_group_ids" time="0.426" /><testcase classname="backend.tests.test_iter7_session_group_ids.TestRecapUESessionGroupIds" name="test_recap_ue_counts_session_group_ids" time="0.316" /></testsuite></testsuites>