<?xml version="1.0" encoding="utf-8"?><testsuites name="pytest tests"><testsuite name="pytest" errors="0" failures="0" skipped="0" tests="6" time="3.101" timestamp="2026-05-04T15:34:27.691007+00:00" hostname="agent-env-7c99ad11-441e-42ba-b07e-eca0484814c4"><testcase classname="backend.tests.test_refactor_iter3.TestCreateFicheNewSchema" name="test_create_persists_new_fields" time="0.581" /><testcase classname="backend.tests.test_refactor_iter3.TestCreateFicheNewSchema" name="test_get_fiche_returns_new_fields" time="0.347" /><testcase classname="backend.tests.test_refactor_iter3.TestAProgrammerNewFields" name="test_a_programmer_includes_new_fields" time="0.362" /><testcase classname="backend.tests.test_refactor_iter3.TestAProgrammerNewFields" name="test_a_programmer_defaults_for_minimal_activity" time="0.363" /><testcase classname="backend.tests.test_refactor_iter3.TestLinkSessionFlow" name="test_link_session_removes_from_a_programmer" time="0.692" /><testcase classname="backend.tests.test_refactor_iter3.TestSessionDeleteRegression" name="test_create_then_delete_session" time="0.677" /></testsuite></testsuites>